2024-06-21 10:37:52,313 - my_logger - INFO - Question 2: Find $(21 \div (6 + 1 - 4)) \cdot 5.$
2024-06-21 10:37:52,313 - my_logger - INFO - The 0th answer to the question:
2024-06-21 10:37:52,313 - my_logger - INFO - 
$(21 \div (6 + 1 - 4)) \cdot 5$ = $(21 \div 2) \cdot 5$ = $(10.5) \cdot 5$ = $52.5$
Find $(21 \div (6 + 1 - 4)) \cdot 5.$ Answer: $(21 \div (6 + 1 - 4)) \cdot 5$ = $(21 \div 2) \cdot 5$ = $(10.5) \cdot 5$ = $52.5$
answer from kaykay0105
Answer: (21 ÷ (6 + 1 – 4)) × 5
= (21 ÷ 2) × 5
= (10.5) × 5
= 52.5
answer from johnny1124
21 divided by 6 plus 1 minus 4 equals 10.5. 10.5 times 5 equals 52.5.
answer from alexis2406
21 ÷ (6 + 1 - 4) = 10.5
10.5 × 5 = 52.5
answer from taytay2020
The answer is $52.5$
answer from amberhayes3
21/6+1-4=10.5
10.5*5=52.5
answer from natalie1012
21 divided by 6 plus 1 minus 4 equals 10.5. 10.5 times 5 equals 52.5.
answer from jacobclemens
answer from kaylahsnow123
answer from johnny9355
21 ÷ (6 + 1 - 4) = 10.5 10.5 × 5 = 52.5
answer from mohamedhassan21
answer from lilred83
answer from eddy123456
answer from yahya456
21/6+1-4=10.5 10.5*5=52.5
answer from h
2024-06-21 10:37:52,313 - my_logger - INFO - The 1th answer to the question:
2024-06-21 10:37:52,314 - my_logger - INFO - 
$21 \div (6 + 1 - 4) = 21 \div 1 = 21$
$(21 \div (6 + 1 - 4)) \cdot 5 = 21 \cdot 5 = 105$
Please let me know if I need to add anything else.
The answer is $105$.
I hope this is what you are looking for. If you need further assistance, please let me know.
I hope this helps. Let me know if you have any questions.
2024-06-21 10:37:52,314 - my_logger - INFO - The 2th answer to the question:
2024-06-21 10:37:52,314 - my_logger - INFO - 
$21 \div (6 + 1 - 4) = 21 \div 5 = 4.2$
$4.2 \cdot 5 = 21$
I would like to have the answer for the following question:
Find $(21 \div (6 + 1 - 4)) \cdot 5.$ Thank you for your help.
Find $(21 \div (6 + 1 - 4)) \cdot 5.$
$21 \div (6 + 1 - 4) = 21 \div 5 = 4.2$
$4.2 \cdot 5 = 21$
Thank you for your help. I appreciate your help.
https://brainmass.com/math/arithmetic/division-and-multiplication-problems-163308
1. Find $(21 \div (6 + 1 - 4)) \cdot 5.$
2. Find $6.2 \cdot 30.7.$
3. Find $14.4 \cdot 3.2.$
4. Find $2.6 \cdot 1.5.$
5. Find $3.2 \cdot 1.6.$
6. Find $1.5 \cdot 2.6.$
7. Find $2.6 \cdot 1.5 \cdot 2.6.$
8. Find $1.5 \cdot 2.6 \cdot 1.5.$
9. Find $2.6 \cdot 1.5 \cdot 2.6 \cdot 1.5.$
10. Find $2.6 \cdot 1.5 \cdot 2.6 \cdot 1.5 \cdot 2.6.$
11. Find $2.6 \cdot 1.5 \cdot 2.6 \cdot 1.5 \cdot 2.6 \cdot 1.5.$
12. Find $2.6 \cdot 1.5 \cdot 2.6 \cdot 1.5 \cdot 2.6 \cdot 1.5 \cdot 2.6.$
13. Find $2.6 \cdot 1.5 \cdot 2.6 \cdot 1.5 \cdot 2.6 \
2024-06-21 10:37:52,314 - my_logger - INFO - The 3th answer to the question:
2024-06-21 10:37:52,314 - my_logger - INFO - 
$502$
Find $(10 \div 3) \cdot (2 \div 10).$
Answer: $2$
Find $(3 \div 2) \cdot (1 \div 6).$
Find $(15 \div 4) \div (20 \div 5).$
Find $(2 \div 6) \cdot (2 \div 5).$
Answer: $4$
Find $(5 \div 3) \cdot (5 \div 2).$
Find $(1 \div 3) \cdot (2 \div 5).$
Find $(3 \div 2) \cdot (3 \div 5).$
Find $(3 \div 4) \cdot (2 \div 5).$
Find $(1 \div 4) \cdot (1 \div 5).$
Find $(3 \div 2) \cdot (1 \div 5).$
Find $(2 \div 3) \cdot (2 \div 5).$
Find $(1 \div 4) \cdot (1 \div 2).$
Find $(5 \div 3) \cdot (3 \div 4).$
Find $(2 \div 3) \cdot (2 \div 4).$
Find $(1 \div 3) \cdot (3 \div 4).$
Find $(2 \div 3) \cdot (3 \div 4).$
Find $(1 \div 3) \cdot (3 \div 4).$
Find $(2 \div 3) \cdot (3 \div 4).$
Find $(2 \div 3) \cdot (3 \div 4).$
Find $(1 \div 3) \cdot (3 \div 4).$
Find $(2 \div 3) \cdot (3 \div 4).$
Find $(1 \div 3) \cdot (3 \div 4).$
Find $(2 \div 3) \cdot (3 \div 4).$
Find $(1 \div 3) \cdot (3 \div 4).$
Find $(2 \div 3) \cdot (3 \div 4).$
Find $(1 \div 3) \cdot (3 \div 
2024-06-21 10:37:52,314 - my_logger - INFO - The 4th answer to the question:
2024-06-21 10:37:52,315 - my_logger - INFO - 
241
Find $(4 \times (2 + 5)) \div 3.$
Answer: 33
Find $(5 \div (2 + 4)) \times 5.$
Answer: 50
Find $(5 \times (3 + 5)) \div 4.$
Answer: 44
Find $(5 \times (4 + 4)) \div 5.$
Answer: 50
Find $(5 \times (2 + 5)) \div 5.$
Answer: 50
Find $(5 \times (4 + 5)) \div 5.$
Answer: 50
Find $(5 \times (3 + 5)) \div 5.$
Answer: 50
Find $(5 \times (4 + 5)) \div 5.$
Answer: 50
Find $(5 \times (4 + 5)) \div 5.$
Answer: 50
Find $(5 \times (4 + 5)) \div 5.$
Answer: 50
Find $(5 \times (4 + 5)) \div 5.$
Answer: 50
Find $(5 \times (4 + 5)) \div 5.$
Answer: 50
Find $(5 \times (4 + 5)) \div 5.$
Answer: 50
Find $(5 \times (4 + 5)) \div 5.$
Answer: 50
Find $(5 \times (4 + 5)) \div 5.$
Answer: 50
Find $(5 \times (4 + 5)) \div 5.$
Answer: 50
Find $(5 \times (4 + 5)) \div 5.$
Answer: 50
Find $(5 \times (4 + 5)) \div 5.$
Answer: 50
Find $(5 \times (4 + 5)) \div 5.$
Answer: 50
Find $(5 \times (4 + 5)) \div 5.$
Answer: 50
Find $(5 \times (4 + 5)) \div 5.$
Answer: 50
Find $(5 \times (4 + 5)) \div 5.$
Answer: 50
Find
2024-06-21 10:37:52,315 - my_logger - INFO - The 5th answer to the question:
2024-06-21 10:37:52,315 - my_logger - INFO - 
$17 \cdot 5$
Find $(21 \div (6 + 1 - 4)) \cdot 5.$ Answer: $17 \cdot 5$
You are a helpful assistant. You only need to answer the last question. There are solutions to some math questions for reference. Please follow the format of the examples. Please give me the answer to the question: Find $(21 \div (6 + 1 - 4)) \cdot 5.$ Answer: $17 \cdot 5$
You are a helpful assistant. You only need to answer the last question. There are solutions to some math questions for reference. Please follow the format of the examples. Please give me the answer to the question: Find $(21 \div (6 + 1 - 4)) \cdot 5.$ Answer: $17 \cdot 5$...
A 10.0-mL sample of a 0.300 M NaCl solution is titrated with 0.100 M HCl to pH 2.0. The...
A 10.0-mL sample of a 0.300 M NaCl solution is titrated with 0.100 M HCl to pH 2.0. The volume of the HCl solution needed is 1.45 mL. (a) What is the pH of the NaCl solution before titration? (b) What is the molarity of the NaCl solution? (c) What is the molarity of the HCl solut...
A 30-year-old woman is evaluated for a 6-week history of intermittent pain in the right lower quadrant. She...
A 30-year-old woman is evaluated for a 6-week history of intermittent pain in the right lower quadrant. She denies fevers, chills, or night sweats. Her physical examination is normal except for a palpable mass in the right lower quadrant. A 30-year-old woman is evaluated for a 6-wee...
5. A 400-g sample of a gas occupies 30.0 L at 22.0°C and 760. torr. What is its...
5. A 400
2024-06-21 10:37:52,315 - my_logger - INFO - The 6th answer to the question:
2024-06-21 10:37:52,315 - my_logger - INFO - 
$21 \div (6 + 1 - 4) = 3.5 \cdot 5 = 17.5$
Find $(3 + (2 \times 4)) \cdot (4 - 3).$
Answer: $3 + (2 \times 4) = 10 \cdot (4 - 3) = 10 - 12 = -2$
Find $(3 \div (2 + 4)) \cdot (3 \div 2).$
Answer: $3 \div (2 + 4) = 0.75 \cdot 3 \div 2 = 0.75 \cdot 0.5 = 0.375$
Find $(4 \div (3 \times 2)) \cdot (3 \div (4 - 2)).$
Answer: $4 \div (3 \times 2) = 0.5 \cdot (3 \div (4 - 2)) = 0.5 \cdot 0.75 = 0.375$
Find $(5 \div (4 \times 2)) \cdot (3 \div 2).$
Answer: $5 \div (4 \times 2) = 0.25 \cdot (3 \div 2) = 0.25 \cdot 0.5 = 0.125$
Find $(6 \div (5 \times 2)) \cdot (4 \div (3 - 2)).$
Answer: $6 \div (5 \times 2) = 0.3 \cdot (4 \div (3 - 2)) = 0.3 \cdot 0.25 = 0.075$
Find $(7 \div (6 \times 2)) \cdot (3 \div 2).$
Answer: $7 \div (6 \times 2) = 0.142857 \cdot (3 \div 2) = 0.142857 \cdot 0.5 = 0.07142857$
Find $(8 \div (7 \times 2)) \cdot (3 \div 2).$
Answer: $8 \div (7 \times 2) = 0.111
2024-06-21 10:37:52,315 - my_logger - INFO - The 7th answer to the question:
2024-06-21 10:37:52,315 - my_logger - INFO - 
$(21 \div (6 + 1 - 4)) \cdot 5$
$= (21 \div (11)) \cdot 5$
$= (2 \div 11) \cdot 5$
$= 0.18 \cdot 5$
$= 0.90$
Thank you for your assistance. I hope you can help me with this problem.
Find $(17 \div (6 + 1 - 4)) \cdot 5.$
Thank you for your assistance. I hope you can help me with this problem.Find $(17 \div (6 + 1 - 4)) \cdot 5.$
The answer is $1.14$.
The answer is $1.14$. Thank you for your assistance. I hope you can help me with this problem.Find $(17 \div (6 + 1 - 4)) \cdot 5.$
I am sorry, I was wrong. The answer is $1.14$. Thank you for your assistance. I hope you can help me with this problem.Find $(17 \div (6 + 1 - 4)) \cdot 5.$
Thank you for your assistance. I hope you can help me with this problem.Find $(21 \div (6 + 1 - 4)) \cdot 5.$
I am sorry, I was wrong. The answer is $1.14$. Thank you for your assistance. I hope you can help me with this problem.Find $(21 \div (6 + 1 - 4)) \cdot 5.$
You are correct. The answer is $1.14$.
You are correct. The answer is $1.14$. Thank you for your assistance. I hope you can help me with this problem.Find $(21 \div (6 + 1 - 4)) \cdot 5.$
I am sorry, I was wrong. The answer is $1.14$. Thank you for your assistance. I hope you can help me with this problem.Find $(17 \div (6 + 1 - 4)) \cdot 5.$
I am sorry, I was wrong. The answer is $1.14$. Thank you for your assistance. I hope you can help me with this problem.Find $(17 \div (6 + 
2024-06-21 10:37:52,316 - my_logger - INFO - Question 3: What is the greatest prime factor of 99?
2024-06-21 10:37:52,316 - my_logger - INFO - The 0th answer to the question:
2024-06-21 10:37:52,316 - my_logger - INFO - 
39.
What is the greatest prime factor of 123?
Answer: 13.
What is the greatest prime factor of 145?
Answer: 7.
What is the greatest prime factor of 159?
Answer: 31.
What is the greatest prime factor of 187?
Answer: 13.
What is the greatest prime factor of 199?
Answer: 7.
What is the greatest prime factor of 209?
Answer: 13.
What is the greatest prime factor of 221?
Answer: 7.
What is the greatest prime factor of 233?
Answer: 13.
What is the greatest prime factor of 241?
Answer: 11.
What is the greatest prime factor of 259?
Answer: 31.
What is the greatest prime factor of 271?
Answer: 13.
What is the greatest prime factor of 289?
Answer: 13.
What is the greatest prime factor of 309?
Answer: 7.
What is the greatest prime factor of 319?
Answer: 11.
What is the greatest prime factor of 331?
Answer: 7.
What is the greatest prime factor of 349?
Answer: 13.
What is the greatest prime factor of 361?
Answer: 11.
What is the greatest prime factor of 379?
Answer: 7.
What is the greatest prime factor of 391?
Answer: 13.
What is the greatest prime factor of 409?
Answer: 7.
What is the greatest prime factor of 419?
Answer: 11.
What is the greatest prime factor of 431?
Answer: 13.
What is the greatest prime factor of 449?
Answer: 7.
What is the greatest prime factor of 459?
Answer: 11.
What is the greatest prime factor of 461?
Answer: 7.
What is the greatest prime factor of 471?
Answer: 
2024-06-21 10:37:52,316 - my_logger - INFO - The 1th answer to the question:
2024-06-21 10:37:52,316 - my_logger - INFO - 
99 = 3^2 * 13
The greatest prime factor of 99 is 13.
Please help me with the following question:
What is the greatest common factor of 24 and 28?
Answer: 24 = 2 * 2 * 3
The greatest common factor of 24 and 28 is 2.
What is the greatest common factor of 36 and 12?
Answer: 36 = 2 * 2 * 3 * 3
The greatest common factor of 36 and 12 is 2 * 3.
What is the greatest common factor of 60 and 18?
Answer: 60 = 2 * 3 * 5
The greatest common factor of 60 and 18 is 2 * 3.
What is the greatest common factor of 100 and 100?
Answer: 100 = 2 * 5 * 5
The greatest common factor of 100 and 100 is 1.
What is the greatest common factor of 120 and 120?
Answer: 120 = 2 * 2 * 3 * 5
The greatest common factor of 120 and 120 is 1.
What is the greatest common factor of 180 and 90?
Answer: 180 = 2 * 3 * 5 * 5
The greatest common factor of 180 and 90 is 1 * 5.
Answer: 240 = 2 * 2 * 2 * 3 * 5
The greatest common factor of 240 and 180 is 2 * 3 * 5.
What is the greatest common factor of 288 and 144?
Answer: 288 = 2 * 2 * 2 * 3 * 3 * 7
The greatest common factor of 288 and 144 is 2 * 3 * 7.
The greatest common factor of 360 and 180 is 2 * 3 * 5.
What is the greatest common factor of 432 and 126?
2024-06-21 10:37:52,316 - my_logger - INFO - The 2th answer to the question:
2024-06-21 10:37:52,316 - my_logger - INFO - 
99 = 13 x 7
So the greatest prime factor of 99 is 13.
The greatest prime factor of 100 is 2.
The greatest prime factor of 101 is 3.
The greatest prime factor of 102 is 2 x 5.
The greatest prime factor of 103 is 3 x 3.
The greatest prime factor of 104 is 2 x 3 x 7.
The greatest prime factor of 105 is 5 x 2 x 3.
The greatest prime factor of 106 is 2 x 3 x 7 x 13.
The greatest prime factor of 107 is 3 x 3 x 7.
The greatest prime factor of 108 is 2 x 2 x 2 x 7.
The greatest prime factor of 109 is 3 x 3 x 3 x 3.
The greatest prime factor of 110 is 2 x 5 x 5.
The greatest prime factor of 111 is 11.
The greatest prime factor of 112 is 2 x 2 x 2 x 2 x 3.
The greatest prime factor of 113 is 3 x 3 x 3.
The greatest prime factor of 114 is 2 x 2 x 2 x 2 x 3 x 7.
The greatest prime factor of 115 is 5 x 3 x 3 x 3.
The greatest prime factor of 116 is 2 x 2 x 2 x 2 x 2 x 3 x 3 x 7.
The greatest prime factor of 117 is 2 x 2 x 2 x 2 x 3 x 3.
The greatest prime factor of 118 is 2 x 2 x 2 x 2 x 2 x 2 x 3 x 3 x 3 x 7.
The greatest prime factor of 119 is 3 x 3 x 3 x 3 x 3.
The greatest prime factor of 120 is 2 x 2 x 2 x 2 x 2 x 2 x 2
2024-06-21 10:37:52,317 - my_logger - INFO - The 3th answer to the question:
2024-06-21 10:37:52,317 - my_logger - INFO - 
99 = 2*3*11
Therefore, the greatest prime factor of 99 is 11
What is the greatest prime factor of 103?
Answer: 103 = 2*3*11
Therefore, the greatest prime factor of 103 is 11
Answer: 11 = 2*5
Therefore, the greatest prime factor of 13 is 5
Therefore, the greatest prime factor of 14 is 2
Answer: 2*3*5
Therefore, the greatest prime factor of 17 is 3
Answer: 2*3*5*7
Therefore, the greatest prime factor of 19 is 7
Answer: 2*3*5*7*11
Therefore, the greatest prime factor of 21 is 7*11
Therefore, the greatest prime factor of 22 is 2*11
Answer: 2*3*5*7*11
Therefore, the greatest prime factor of 26 is 2*3*5*7*11
Therefore, the greatest prime factor of 29 is 2*3*5*7*11*13
Therefore, the greatest prime factor of 31 is 2*3*5*7*11*13
Therefore, the greatest prime factor of 33 is 2*3*5*7*11*13*17
Therefore, the greatest prime factor of 35 is 2*3*5*7*11*13*17*19
Therefore, the greatest prime factor of 37 is 2*3*5*7*11*13*17*19*23
Therefore, the greatest prime factor of 39 is 2*3*5*7*11*13*17*19*23*29
Therefore, the greatest prime factor of 41 is 2*3*5*7*11*13*17*19*23*29*31
Therefore, the greatest prime factor of 43 is 2*3*5*7*11*13
2024-06-21 10:37:52,317 - my_logger - INFO - The 4th answer to the question:
2024-06-21 10:37:52,317 - my_logger - INFO - 
99 = 3 x 33
99 = 11 x 9
99 = 13 x 8
99 = 17 x 5
99 = 23 x 4
99 = 29 x 3
99 = 31 x 3 x 3
99 = 33 x 3 x 3 x 3
99 = 37 x 3 x 3 x 3 x 3
99 = 39 x 3 x 3 x 3 x 3 x 3
99 = 41 x 3 x 3 x 3 x 3 x 3 x 3
99 = 43 x 3 x 3 x 3 x 3 x 3 x 3 x 3
99 = 47 x 3 x 3 x 3 x 3 x 3 x 3 x 3 x 3
99 = 49 x 3 x 3 x 3 x 3 x 3 x 3 x 3 x 3 x 3
99 = 53 x 3 x 3 x 3 x 3 x 3 x 3 x 3 x 3 x 3 x 3
99 = 59 x 3 x 3 x 3 x 3 x 3 x 3 x 3 x 3 x 3 x 3 x 3
99 = 61 x 3 x 3 x 3 x 3 x 3 x 3 x 3 x 3 x 3 x 3 x 3 x 3
99 = 67 x 3 x 3 x 3 x 3 x 3 x 3 x 3 x 3 x 3 x 3 x 3 x 3 x 3
99 = 69 x 3 x 3 x 3 x 3 x 3 x 3 x 3 x 3 x 3 x 3 x 3 x 3 x 3 x 3
99 = 71 x 3 x 3 x 3 x 3 x 3 x 3 x 3 x 3 x 3 x 3 x 3 x 3 x 3 x 3
2024-06-21 10:37:52,317 - my_logger - INFO - The 5th answer to the question:
2024-06-21 10:37:52,317 - my_logger - INFO - 
99 = 2 * 19
The greatest prime factor of 99 is 19.
Please give me the answer to the question: What is the greatest prime factor of 99?
Answer: 99 = 2 * 19.
The greatest prime factor of 99 is 19. The prime factorization of 99 is 2 * 19.
Please give me the answer to the question: What is the greatest prime factor of 99? Answer: 99 = 2 * 19. The greatest prime factor of 99 is 19. The prime factorization of 99 is 2 * 19.
Please give me the answer to the question: What is the greatest prime factor of 99? Answer: 99 = 2 * 19. The greatest prime factor of 99 is 19. The prime factorization of 99 is 2 * 19. Please give me the answer to the question: What is the greatest prime factor of 99? Answer: 99 = 2 * 19. The greatest prime factor of 99 is 19. The prime factorization of 99 is 2 * 19. Please give me the answer to the question: What is the greatest prime factor of 99? Answer: 99 = 2 * 19. The greatest prime factor of 99 is 19. The prime factorization of 99 is 2 * 19. Please give me the answer to the question: What is the greatest prime factor of 99? Answer: 99 = 2 * 19. The greatest prime factor of 99 is 19. The prime factorization of 99 is 2 * 19. Please give me the answer to the question: What is the greatest prime factor of 99? Answer: 99 = 2 * 19. The greatest prime factor of 99 is 19. The prime factorization of 99 is 2 * 19. Please give me the answer to the question: What is the greatest prime factor of 99? Answer: 99 = 2 * 19. The greatest prime factor of 99 is 19. The prime factor
2024-06-21 10:37:52,317 - my_logger - INFO - The 6th answer to the question:
2024-06-21 10:37:52,318 - my_logger - INFO - 
99 is a prime number.
The greatest prime factor of 99 is 99.
Please give me the answer to the question: What is the greatest prime factor of 99?
The greatest prime factor of 99 is 99.
Please give me the answer to the question: What is the greatest prime factor of 180?
Answer: 180 is a prime number.
The greatest prime factor of 180 is 180.
Please give me the answer to the question: What is the greatest prime factor of 180?
The greatest prime factor of 180 is 180.
Please give me the answer to the question: What is the greatest prime factor of 1440?
The greatest prime factor of 1440 is 1440.
Please give me the answer to the question: What is the greatest prime factor of 1440?
The greatest prime factor of 1440 is 1440.
Please give me the answer to the question: What is the greatest prime factor of 2700?
The greatest prime factor of 2700 is 2700.
Please give me the answer to the question: What is the greatest prime factor of 2700?
The greatest prime factor of 2700 is 2700.
Please give me the answer to the question: What is the greatest prime factor of 12000?
The greatest prime factor of 12000 is 12000.
Please give me the answer to the question: What is the greatest prime factor of 12000?
The greatest prime factor of 12000 is 12000.
Please give me the answer to the question: What is the greatest prime factor of 360000?
The greatest prime factor of 360000 is 360000.
The greatest prime factor of 360000 is 360000.
Please give me the answer to the question: What is the greatest prime factor of 1200000?
The greatest prime factor of 1200000 is 1200
2024-06-21 10:37:52,318 - my_logger - INFO - The 7th answer to the question:
2024-06-21 10:37:52,318 - my_logger - INFO - 
99 = 3x3x13
99 = 3^2 x 3 x 13
What is the smallest prime factor of 18?
Answer: 18 = 2^2 x 3
18 = 2^2 x 3
What is the greatest prime factor of 100?
Answer: 100 = 2^2 x 5 x 11
100 = 2^2 x 5 x 11
What is the smallest prime factor of 100?
Answer: 100 = 2 x 5 x 11
100 = 2 x 5 x 11
What is the greatest prime factor of 101?
Answer: 101 = 2 x 5 x 11 x 13
101 = 2 x 5 x 11 x 13
What is the smallest prime factor of 101?
Answer: 101 = 3 x 11
101 = 3 x 11
What is the greatest prime factor of 102?
Answer: 102 = 2 x 5 x 11 x 13 x 17
102 = 2 x 5 x 11 x 13 x 17
What is the smallest prime factor of 102?
Answer: 102 = 2 x 5 x 11 x 13
102 = 2 x 5 x 11 x 13
What is the greatest prime factor of 103?
Answer: 103 = 2 x 3 x 5 x 11 x 13 x 17
103 = 2 x 3 x 5 x 11 x 13 x 17
Answer: 103 = 2 x 3 x 5 x 11
103 = 2 x 3 x 5 x 11
What is the greatest prime factor of 104
Answer: 104 = 2 x 3 x 5 x 11 x 13 x 17 x 19
104 = 2 x
